{"C:\\React Practice\\blinkist-app\\src\\components\\atoms\\Images\\index.tsx": {"path":"C:\\React Practice\\blinkist-app\\src\\components\\atoms\\Images\\index.tsx","statementMap":{"0":{"start":{"line":10,"column":12},"end":{"line":13,"column":1}},"1":{"start":{"line":11,"column":38},"end":{"line":11,"column":43}},"2":{"start":{"line":12,"column":4},"end":{"line":12,"column":136}}},"fnMap":{"0":{"name":"(anonymous_0)","decl":{"start":{"line":10,"column":12},"end":{"line":10,"column":13}},"loc":{"start":{"line":10,"column":33},"end":{"line":13,"column":1}},"line":10}},"branchMap":{"0":{"loc":{"start":{"line":11,"column":11},"end":{"line":11,"column":25}},"type":"default-arg","locations":[{"start":{"line":11,"column":23},"end":{"line":11,"column":25}}],"line":11}},"s":{"0":1,"1":1,"2":1},"f":{"0":1},"b":{"0":[1]},"_coverageSchema":"1a1c01bbd47fc00a2c39e90264f33305004495a9","hash":"862c53bc1268ad67fccbf1e04d974a297e77fc89"}
}
