{"C:\\React Practice\\blinkist-app\\src\\react-app-env.d.ts": {"path":"C:\\React Practice\\blinkist-app\\src\\react-app-env.d.ts","statementMap":{},"fnMap":{},"branchMap":{},"s":{},"f":{},"b":{}}
,"C:\\React Practice\\blinkist-app\\src\\Theme\\baseTheme.ts": {"path":"C:\\React Practice\\blinkist-app\\src\\Theme\\baseTheme.ts","statementMap":{"0":{"start":{"line":3,"column":20},"end":{"line":60,"column":2}}},"fnMap":{},"branchMap":{},"s":{"0":2},"f":{},"b":{},"_coverageSchema":"1a1c01bbd47fc00a2c39e90264f33305004495a9","hash":"55e203d42c87ed4ac027f23a1261d6f9ef54be9e"}
,"C:\\React Practice\\blinkist-app\\src\\Theme\\mainTheme.ts": {"path":"C:\\React Practice\\blinkist-app\\src\\Theme\\mainTheme.ts","statementMap":{"0":{"start":{"line":2,"column":18},"end":{"line":26,"column":2}}},"fnMap":{},"branchMap":{},"s":{"0":1},"f":{},"b":{},"_coverageSchema":"1a1c01bbd47fc00a2c39e90264f33305004495a9","hash":"952cb877364326dcf234263433046b1fef276000"}
,"C:\\React Practice\\blinkist-app\\src\\Theme\\tabTheme.ts": {"path":"C:\\React Practice\\blinkist-app\\src\\Theme\\tabTheme.ts","statementMap":{"0":{"start":{"line":3,"column":18},"end":{"line":9,"column":2}}},"fnMap":{},"branchMap":{},"s":{"0":0},"f":{},"b":{}}
,"C:\\React Practice\\blinkist-app\\src\\components\\Pages\\BookInfo\\index.tsx": {"path":"C:\\React Practice\\blinkist-app\\src\\components\\Pages\\BookInfo\\index.tsx","statementMap":{"0":{"start":{"line":11,"column":17},"end":{"line":157,"column":1}},"1":{"start":{"line":12,"column":18},"end":{"line":25,"column":3}},"2":{"start":{"line":26,"column":28},"end":{"line":26,"column":39}},"3":{"start":{"line":27,"column":22},"end":{"line":29,"column":3}},"4":{"start":{"line":28,"column":4},"end":{"line":28,"column":16}},"5":{"start":{"line":30,"column":19},"end":{"line":30,"column":30}},"6":{"start":{"line":31,"column":17},"end":{"line":31,"column":31}},"7":{"start":{"line":32,"column":30},"end":{"line":50,"column":3}},"8":{"start":{"line":34,"column":16},"end":{"line":34,"column":22}},"9":{"start":{"line":35,"column":4},"end":{"line":35,"column":33}},"10":{"start":{"line":36,"column":4},"end":{"line":36,"column":28}},"11":{"start":{"line":37,"column":17},"end":{"line":39,"column":6}},"12":{"start":{"line":38,"column":6},"end":{"line":38,"column":28}},"13":{"start":{"line":40,"column":4},"end":{"line":40,"column":34}},"14":{"start":{"line":41,"column":4},"end":{"line":41,"column":18}},"15":{"start":{"line":43,"column":4},"end":{"line":49,"column":7}},"16":{"start":{"line":51,"column":2},"end":{"line":156,"column":4}}},"fnMap":{"0":{"name":"(anonymous_0)","decl":{"start":{"line":11,"column":17},"end":{"line":11,"column":18}},"loc":{"start":{"line":11,"column":46},"end":{"line":157,"column":1}},"line":11},"1":{"name":"(anonymous_1)","decl":{"start":{"line":27,"column":22},"end":{"line":27,"column":23}},"loc":{"start":{"line":27,"column":36},"end":{"line":29,"column":3}},"line":27},"2":{"name":"(anonymous_2)","decl":{"start":{"line":32,"column":30},"end":{"line":32,"column":31}},"loc":{"start":{"line":32,"column":49},"end":{"line":50,"column":3}},"line":32},"3":{"name":"(anonymous_3)","decl":{"start":{"line":37,"column":30},"end":{"line":37,"column":31}},"loc":{"start":{"line":37,"column":45},"end":{"line":39,"column":5}},"line":37}},"branchMap":{"0":{"loc":{"start":{"line":112,"column":12},"end":{"line":124,"column":58}},"type":"cond-expr","locations":[{"start":{"line":113,"column":12},"end":{"line":124,"column":21}},{"start":{"line":124,"column":24},"end":{"line":124,"column":58}}],"line":112},"1":{"loc":{"start":{"line":144,"column":13},"end":{"line":148,"column":13}},"type":"cond-expr","locations":[{"start":{"line":145,"column":14},"end":{"line":145,"column":454}},{"start":{"line":147,"column":14},"end":{"line":147,"column":48}}],"line":144}},"s":{"0":0,"1":0,"2":0,"3":0,"4":0,"5":0,"6":0,"7":0,"8":0,"9":0,"10":0,"11":0,"12":0,"13":0,"14":0,"15":0,"16":0},"f":{"0":0,"1":0,"2":0,"3":0},"b":{"0":[0,0],"1":[0,0]}}
,"C:\\React Practice\\blinkist-app\\src\\components\\Pages\\Enterpreneurship\\index.tsx": {"path":"C:\\React Practice\\blinkist-app\\src\\components\\Pages\\Enterpreneurship\\index.tsx","statementMap":{"0":{"start":{"line":7,"column":17},"end":{"line":7,"column":31}},"1":{"start":{"line":9,"column":20},"end":{"line":75,"column":1}},"2":{"start":{"line":10,"column":22},"end":{"line":29,"column":3}},"3":{"start":{"line":12,"column":16},"end":{"line":12,"column":70}},"4":{"start":{"line":12,"column":51},"end":{"line":12,"column":69}},"5":{"start":{"line":13,"column":19},"end":{"line":13,"column":31}},"6":{"start":{"line":14,"column":4},"end":{"line":14,"column":32}},"7":{"start":{"line":15,"column":4},"end":{"line":15,"column":26}},"8":{"start":{"line":16,"column":17},"end":{"line":18,"column":6}},"9":{"start":{"line":17,"column":6},"end":{"line":17,"column":28}},"10":{"start":{"line":19,"column":4},"end":{"line":19,"column":34}},"11":{"start":{"line":20,"column":4},"end":{"line":20,"column":18}},"12":{"start":{"line":22,"column":4},"end":{"line":28,"column":7}},"13":{"start":{"line":31,"column":18},"end":{"line":31,"column":28}},"14":{"start":{"line":32,"column":2},"end":{"line":74,"column":4}},"15":{"start":{"line":58,"column":27},"end":{"line":58,"column":41}},"16":{"start":{"line":59,"column":12},"end":{"line":69,"column":14}}},"fnMap":{"0":{"name":"(anonymous_0)","decl":{"start":{"line":9,"column":20},"end":{"line":9,"column":21}},"loc":{"start":{"line":9,"column":50},"end":{"line":75,"column":1}},"line":9},"1":{"name":"(anonymous_1)","decl":{"start":{"line":10,"column":22},"end":{"line":10,"column":23}},"loc":{"start":{"line":10,"column":41},"end":{"line":29,"column":3}},"line":10},"2":{"name":"(anonymous_2)","decl":{"start":{"line":12,"column":32},"end":{"line":12,"column":33}},"loc":{"start":{"line":12,"column":51},"end":{"line":12,"column":69}},"line":12},"3":{"name":"(anonymous_3)","decl":{"start":{"line":16,"column":30},"end":{"line":16,"column":31}},"loc":{"start":{"line":16,"column":45},"end":{"line":18,"column":5}},"line":16},"4":{"name":"(anonymous_4)","decl":{"start":{"line":57,"column":30},"end":{"line":57,"column":31}},"loc":{"start":{"line":57,"column":45},"end":{"line":70,"column":11}},"line":57}},"branchMap":{"0":{"loc":{"start":{"line":57,"column":11},"end":{"line":70,"column":12}},"type":"binary-expr","locations":[{"start":{"line":57,"column":11},"end":{"line":57,"column":16}},{"start":{"line":57,"column":20},"end":{"line":70,"column":12}}],"line":57}},"s":{"0":0,"1":0,"2":0,"3":0,"4":0,"5":0,"6":0,"7":0,"8":0,"9":0,"10":0,"11":0,"12":0,"13":0,"14":0,"15":0,"16":0},"f":{"0":0,"1":0,"2":0,"3":0,"4":0},"b":{"0":[0,0]}}
,"C:\\React Practice\\blinkist-app\\src\\components\\Pages\\MyLibrary\\index.tsx": {"path":"C:\\React Practice\\blinkist-app\\src\\components\\Pages\\MyLibrary\\index.tsx","statementMap":{"0":{"start":{"line":6,"column":18},"end":{"line":104,"column":1}},"1":{"start":{"line":7,"column":18},"end":{"line":16,"column":3}},"2":{"start":{"line":17,"column":28},"end":{"line":17,"column":39}},"3":{"start":{"line":19,"column":22},"end":{"line":21,"column":3}},"4":{"start":{"line":20,"column":4},"end":{"line":20,"column":18}},"5":{"start":{"line":23,"column":25},"end":{"line":42,"column":3}},"6":{"start":{"line":25,"column":16},"end":{"line":25,"column":70}},"7":{"start":{"line":25,"column":51},"end":{"line":25,"column":69}},"8":{"start":{"line":26,"column":19},"end":{"line":26,"column":31}},"9":{"start":{"line":27,"column":4},"end":{"line":27,"column":32}},"10":{"start":{"line":28,"column":4},"end":{"line":28,"column":26}},"11":{"start":{"line":29,"column":17},"end":{"line":31,"column":6}},"12":{"start":{"line":30,"column":6},"end":{"line":30,"column":30}},"13":{"start":{"line":32,"column":4},"end":{"line":32,"column":36}},"14":{"start":{"line":33,"column":4},"end":{"line":33,"column":19}},"15":{"start":{"line":35,"column":4},"end":{"line":41,"column":7}},"16":{"start":{"line":43,"column":2},"end":{"line":103,"column":4}},"17":{"start":{"line":69,"column":31},"end":{"line":69,"column":45}},"18":{"start":{"line":70,"column":16},"end":{"line":82,"column":17}},"19":{"start":{"line":71,"column":18},"end":{"line":81,"column":20}},"20":{"start":{"line":85,"column":31},"end":{"line":85,"column":45}},"21":{"start":{"line":86,"column":16},"end":{"line":98,"column":17}},"22":{"start":{"line":87,"column":18},"end":{"line":97,"column":20}}},"fnMap":{"0":{"name":"(anonymous_0)","decl":{"start":{"line":6,"column":18},"end":{"line":6,"column":19}},"loc":{"start":{"line":6,"column":48},"end":{"line":104,"column":1}},"line":6},"1":{"name":"(anonymous_1)","decl":{"start":{"line":19,"column":22},"end":{"line":19,"column":23}},"loc":{"start":{"line":19,"column":36},"end":{"line":21,"column":3}},"line":19},"2":{"name":"(anonymous_2)","decl":{"start":{"line":23,"column":25},"end":{"line":23,"column":26}},"loc":{"start":{"line":23,"column":44},"end":{"line":42,"column":3}},"line":23},"3":{"name":"(anonymous_3)","decl":{"start":{"line":25,"column":32},"end":{"line":25,"column":33}},"loc":{"start":{"line":25,"column":51},"end":{"line":25,"column":69}},"line":25},"4":{"name":"(anonymous_4)","decl":{"start":{"line":29,"column":30},"end":{"line":29,"column":31}},"loc":{"start":{"line":29,"column":45},"end":{"line":31,"column":5}},"line":29},"5":{"name":"(anonymous_5)","decl":{"start":{"line":68,"column":24},"end":{"line":68,"column":25}},"loc":{"start":{"line":68,"column":39},"end":{"line":83,"column":15}},"line":68},"6":{"name":"(anonymous_6)","decl":{"start":{"line":84,"column":24},"end":{"line":84,"column":25}},"loc":{"start":{"line":84,"column":39},"end":{"line":99,"column":15}},"line":84}},"branchMap":{"0":{"loc":{"start":{"line":67,"column":11},"end":{"line":99,"column":16}},"type":"cond-expr","locations":[{"start":{"line":68,"column":14},"end":{"line":83,"column":16}},{"start":{"line":84,"column":14},"end":{"line":99,"column":16}}],"line":67},"1":{"loc":{"start":{"line":70,"column":16},"end":{"line":82,"column":17}},"type":"if","locations":[{"start":{"line":70,"column":16},"end":{"line":82,"column":17}},{"start":{},"end":{}}],"line":70},"2":{"loc":{"start":{"line":86,"column":16},"end":{"line":98,"column":17}},"type":"if","locations":[{"start":{"line":86,"column":16},"end":{"line":98,"column":17}},{"start":{},"end":{}}],"line":86}},"s":{"0":0,"1":0,"2":0,"3":0,"4":0,"5":0,"6":0,"7":0,"8":0,"9":0,"10":0,"11":0,"12":0,"13":0,"14":0,"15":0,"16":0,"17":0,"18":0,"19":0,"20":0,"21":0,"22":0},"f":{"0":0,"1":0,"2":0,"3":0,"4":0,"5":0,"6":0},"b":{"0":[0,0],"1":[0,0],"2":[0,0]}}
,"C:\\React Practice\\blinkist-app\\src\\components\\Templates\\index.tsx": {"path":"C:\\React Practice\\blinkist-app\\src\\components\\Templates\\index.tsx","statementMap":{"0":{"start":{"line":11,"column":17},"end":{"line":19,"column":2}},"1":{"start":{"line":20,"column":17},"end":{"line":67,"column":1}},"2":{"start":{"line":21,"column":28},"end":{"line":21,"column":47}},"3":{"start":{"line":22,"column":18},"end":{"line":22,"column":28}},"4":{"start":{"line":23,"column":2},"end":{"line":30,"column":9}},"5":{"start":{"line":24,"column":22},"end":{"line":28,"column":5}},"6":{"start":{"line":25,"column":16},"end":{"line":25,"column":58}},"7":{"start":{"line":26,"column":18},"end":{"line":26,"column":34}},"8":{"start":{"line":27,"column":6},"end":{"line":27,"column":22}},"9":{"start":{"line":29,"column":4},"end":{"line":29,"column":16}},"10":{"start":{"line":32,"column":2},"end":{"line":66,"column":4}}},"fnMap":{"0":{"name":"(anonymous_0)","decl":{"start":{"line":20,"column":17},"end":{"line":20,"column":18}},"loc":{"start":{"line":20,"column":23},"end":{"line":67,"column":1}},"line":20},"1":{"name":"(anonymous_1)","decl":{"start":{"line":23,"column":12},"end":{"line":23,"column":13}},"loc":{"start":{"line":23,"column":18},"end":{"line":30,"column":3}},"line":23},"2":{"name":"(anonymous_2)","decl":{"start":{"line":24,"column":22},"end":{"line":24,"column":23}},"loc":{"start":{"line":24,"column":34},"end":{"line":28,"column":5}},"line":24}},"branchMap":{"0":{"loc":{"start":{"line":32,"column":9},"end":{"line":66,"column":3}},"type":"cond-expr","locations":[{"start":{"line":33,"column":4},"end":{"line":33,"column":15}},{"start":{"line":35,"column":4},"end":{"line":65,"column":10}}],"line":32}},"s":{"0":0,"1":0,"2":0,"3":0,"4":0,"5":0,"6":0,"7":0,"8":0,"9":0,"10":0},"f":{"0":0,"1":0,"2":0},"b":{"0":[0,0]}}
,"C:\\React Practice\\blinkist-app\\src\\components\\atoms\\Avatar\\index.tsx": {"path":"C:\\React Practice\\blinkist-app\\src\\components\\atoms\\Avatar\\index.tsx","statementMap":{"0":{"start":{"line":3,"column":24},"end":{"line":5,"column":1}},"1":{"start":{"line":4,"column":4},"end":{"line":4,"column":93}}},"fnMap":{"0":{"name":"(anonymous_0)","decl":{"start":{"line":3,"column":24},"end":{"line":3,"column":25}},"loc":{"start":{"line":3,"column":44},"end":{"line":5,"column":1}},"line":3}},"branchMap":{},"s":{"0":2,"1":2},"f":{"0":2},"b":{},"_coverageSchema":"1a1c01bbd47fc00a2c39e90264f33305004495a9","hash":"5b983c2ad42282afc14b0037a8c5d74580e0455e"}
,"C:\\React Practice\\blinkist-app\\src\\components\\atoms\\Icons\\index.tsx": {"path":"C:\\React Practice\\blinkist-app\\src\\components\\atoms\\Icons\\index.tsx","statementMap":{"0":{"start":{"line":7,"column":13},"end":{"line":13,"column":1}},"1":{"start":{"line":8,"column":2},"end":{"line":12,"column":4}}},"fnMap":{"0":{"name":"(anonymous_0)","decl":{"start":{"line":7,"column":13},"end":{"line":7,"column":14}},"loc":{"start":{"line":7,"column":34},"end":{"line":13,"column":1}},"line":7}},"branchMap":{},"s":{"0":0,"1":0},"f":{"0":0},"b":{}}
,"C:\\React Practice\\blinkist-app\\src\\components\\atoms\\Images\\index.tsx": {"path":"C:\\React Practice\\blinkist-app\\src\\components\\atoms\\Images\\index.tsx","statementMap":{"0":{"start":{"line":10,"column":12},"end":{"line":13,"column":1}},"1":{"start":{"line":11,"column":38},"end":{"line":11,"column":43}},"2":{"start":{"line":12,"column":4},"end":{"line":12,"column":136}}},"fnMap":{"0":{"name":"(anonymous_0)","decl":{"start":{"line":10,"column":12},"end":{"line":10,"column":13}},"loc":{"start":{"line":10,"column":33},"end":{"line":13,"column":1}},"line":10}},"branchMap":{"0":{"loc":{"start":{"line":11,"column":11},"end":{"line":11,"column":25}},"type":"default-arg","locations":[{"start":{"line":11,"column":23},"end":{"line":11,"column":25}}],"line":11}},"s":{"0":2,"1":2,"2":2},"f":{"0":2},"b":{"0":[1]},"_coverageSchema":"1a1c01bbd47fc00a2c39e90264f33305004495a9","hash":"862c53bc1268ad67fccbf1e04d974a297e77fc89"}
,"C:\\React Practice\\blinkist-app\\src\\components\\atoms\\Logo\\index.tsx": {"path":"C:\\React Practice\\blinkist-app\\src\\components\\atoms\\Logo\\index.tsx","statementMap":{"0":{"start":{"line":5,"column":13},"end":{"line":7,"column":1}},"1":{"start":{"line":6,"column":4},"end":{"line":6,"column":100}}},"fnMap":{"0":{"name":"(anonymous_0)","decl":{"start":{"line":5,"column":13},"end":{"line":5,"column":14}},"loc":{"start":{"line":5,"column":35},"end":{"line":7,"column":1}},"line":5}},"branchMap":{},"s":{"0":3,"1":3},"f":{"0":3},"b":{},"_coverageSchema":"1a1c01bbd47fc00a2c39e90264f33305004495a9","hash":"5674d12b78d1d96ed590e893b140e30806de5c05"}
,"C:\\React Practice\\blinkist-app\\src\\components\\atoms\\ProgressBar\\index.tsx": {"path":"C:\\React Practice\\blinkist-app\\src\\components\\atoms\\ProgressBar\\index.tsx","statementMap":{"0":{"start":{"line":4,"column":17},"end":{"line":10,"column":2}},"1":{"start":{"line":12,"column":20},"end":{"line":29,"column":1}},"2":{"start":{"line":13,"column":18},"end":{"line":13,"column":28}},"3":{"start":{"line":14,"column":2},"end":{"line":28,"column":4}}},"fnMap":{"0":{"name":"(anonymous_0)","decl":{"start":{"line":12,"column":20},"end":{"line":12,"column":21}},"loc":{"start":{"line":12,"column":49},"end":{"line":29,"column":1}},"line":12}},"branchMap":{},"s":{"0":1,"1":1,"2":2,"3":2},"f":{"0":2},"b":{},"_coverageSchema":"1a1c01bbd47fc00a2c39e90264f33305004495a9","hash":"97feecfd91e84a92a8bb4a12be69b2759772ea5d"}
,"C:\\React Practice\\blinkist-app\\src\\components\\atoms\\Typography\\index.tsx": {"path":"C:\\React Practice\\blinkist-app\\src\\components\\atoms\\Typography\\index.tsx","statementMap":{"0":{"start":{"line":5,"column":28},"end":{"line":13,"column":1}},"1":{"start":{"line":6,"column":2},"end":{"line":12,"column":4}}},"fnMap":{"0":{"name":"(anonymous_0)","decl":{"start":{"line":5,"column":28},"end":{"line":5,"column":29}},"loc":{"start":{"line":5,"column":58},"end":{"line":13,"column":1}},"line":5}},"branchMap":{},"s":{"0":2,"1":20},"f":{"0":20},"b":{},"_coverageSchema":"1a1c01bbd47fc00a2c39e90264f33305004495a9","hash":"eeccaf277f2f8870dabf162d538db97d80f62c1c"}
,"C:\\React Practice\\blinkist-app\\src\\components\\molecules\\Banner\\index.tsx": {"path":"C:\\React Practice\\blinkist-app\\src\\components\\molecules\\Banner\\index.tsx","statementMap":{"0":{"start":{"line":4,"column":17},"end":{"line":10,"column":2}},"1":{"start":{"line":13,"column":15},"end":{"line":16,"column":1}},"2":{"start":{"line":14,"column":20},"end":{"line":14,"column":30}},"3":{"start":{"line":15,"column":4},"end":{"line":15,"column":98}}},"fnMap":{"0":{"name":"(anonymous_0)","decl":{"start":{"line":13,"column":15},"end":{"line":13,"column":16}},"loc":{"start":{"line":13,"column":21},"end":{"line":16,"column":1}},"line":13}},"branchMap":{},"s":{"0":1,"1":1,"2":1,"3":1},"f":{"0":1},"b":{},"_coverageSchema":"1a1c01bbd47fc00a2c39e90264f33305004495a9","hash":"f260b5a7b4997db6775fc982e80fca60f39de750"}
,"C:\\React Practice\\blinkist-app\\src\\components\\molecules\\Button\\index.tsx": {"path":"C:\\React Practice\\blinkist-app\\src\\components\\molecules\\Button\\index.tsx","statementMap":{"0":{"start":{"line":11,"column":17},"end":{"line":23,"column":2}},"1":{"start":{"line":24,"column":18},"end":{"line":40,"column":1}},"2":{"start":{"line":25,"column":18},"end":{"line":25,"column":28}},"3":{"start":{"line":27,"column":2},"end":{"line":39,"column":4}}},"fnMap":{"0":{"name":"(anonymous_0)","decl":{"start":{"line":24,"column":18},"end":{"line":24,"column":19}},"loc":{"start":{"line":24,"column":34},"end":{"line":40,"column":1}},"line":24}},"branchMap":{},"s":{"0":0,"1":0,"2":0,"3":0},"f":{"0":0},"b":{}}
,"C:\\React Practice\\blinkist-app\\src\\components\\molecules\\SearchBar\\index.tsx": {"path":"C:\\React Practice\\blinkist-app\\src\\components\\molecules\\SearchBar\\index.tsx","statementMap":{"0":{"start":{"line":5,"column":17},"end":{"line":11,"column":2}},"1":{"start":{"line":13,"column":18},"end":{"line":29,"column":1}},"2":{"start":{"line":14,"column":18},"end":{"line":14,"column":28}},"3":{"start":{"line":15,"column":2},"end":{"line":28,"column":4}}},"fnMap":{"0":{"name":"(anonymous_0)","decl":{"start":{"line":13,"column":18},"end":{"line":13,"column":19}},"loc":{"start":{"line":13,"column":24},"end":{"line":29,"column":1}},"line":13}},"branchMap":{},"s":{"0":0,"1":0,"2":0,"3":0},"f":{"0":0},"b":{}}
,"C:\\React Practice\\blinkist-app\\src\\components\\molecules\\Tabs\\index.tsx": {"path":"C:\\React Practice\\blinkist-app\\src\\components\\molecules\\Tabs\\index.tsx","statementMap":{"0":{"start":{"line":9,"column":17},"end":{"line":14,"column":2}},"1":{"start":{"line":16,"column":21},"end":{"line":41,"column":1}},"2":{"start":{"line":17,"column":18},"end":{"line":17,"column":28}},"3":{"start":{"line":18,"column":28},"end":{"line":18,"column":65}},"4":{"start":{"line":20,"column":23},"end":{"line":23,"column":3}},"5":{"start":{"line":21,"column":4},"end":{"line":21,"column":20}},"6":{"start":{"line":22,"column":4},"end":{"line":22,"column":30}},"7":{"start":{"line":24,"column":2},"end":{"line":40,"column":4}},"8":{"start":{"line":35,"column":12},"end":{"line":35,"column":85}}},"fnMap":{"0":{"name":"(anonymous_0)","decl":{"start":{"line":16,"column":21},"end":{"line":16,"column":22}},"loc":{"start":{"line":16,"column":51},"end":{"line":41,"column":1}},"line":16},"1":{"name":"(anonymous_1)","decl":{"start":{"line":20,"column":23},"end":{"line":20,"column":24}},"loc":{"start":{"line":20,"column":67},"end":{"line":23,"column":3}},"line":20},"2":{"name":"(anonymous_2)","decl":{"start":{"line":34,"column":23},"end":{"line":34,"column":24}},"loc":{"start":{"line":34,"column":38},"end":{"line":36,"column":11}},"line":34}},"branchMap":{"0":{"loc":{"start":{"line":18,"column":37},"end":{"line":18,"column":64}},"type":"binary-expr","locations":[{"start":{"line":18,"column":37},"end":{"line":18,"column":44}},{"start":{"line":18,"column":48},"end":{"line":18,"column":64}}],"line":18}},"s":{"0":0,"1":0,"2":0,"3":0,"4":0,"5":0,"6":0,"7":0,"8":0},"f":{"0":0,"1":0,"2":0},"b":{"0":[0,0]}}
,"C:\\React Practice\\blinkist-app\\src\\components\\organisms\\Card\\index.tsx": {"path":"C:\\React Practice\\blinkist-app\\src\\components\\organisms\\Card\\index.tsx","statementMap":{"0":{"start":{"line":12,"column":17},"end":{"line":209,"column":2}},"1":{"start":{"line":211,"column":13},"end":{"line":297,"column":1}},"2":{"start":{"line":212,"column":18},"end":{"line":212,"column":28}},"3":{"start":{"line":213,"column":64},"end":{"line":213,"column":69}},"4":{"start":{"line":215,"column":2},"end":{"line":256,"column":3}},"5":{"start":{"line":216,"column":4},"end":{"line":226,"column":6}},"6":{"start":{"line":220,"column":10},"end":{"line":220,"column":25}},"7":{"start":{"line":221,"column":10},"end":{"line":221,"column":26}},"8":{"start":{"line":227,"column":7},"end":{"line":256,"column":3}},"9":{"start":{"line":228,"column":4},"end":{"line":243,"column":6}},"10":{"start":{"line":244,"column":7},"end":{"line":256,"column":3}},"11":{"start":{"line":245,"column":4},"end":{"line":255,"column":6}},"12":{"start":{"line":249,"column":10},"end":{"line":249,"column":25}},"13":{"start":{"line":250,"column":10},"end":{"line":250,"column":26}},"14":{"start":{"line":257,"column":2},"end":{"line":296,"column":4}}},"fnMap":{"0":{"name":"(anonymous_0)","decl":{"start":{"line":211,"column":13},"end":{"line":211,"column":14}},"loc":{"start":{"line":211,"column":29},"end":{"line":297,"column":1}},"line":211},"1":{"name":"(anonymous_1)","decl":{"start":{"line":219,"column":17},"end":{"line":219,"column":18}},"loc":{"start":{"line":219,"column":29},"end":{"line":222,"column":9}},"line":219},"2":{"name":"(anonymous_2)","decl":{"start":{"line":248,"column":17},"end":{"line":248,"column":18}},"loc":{"start":{"line":248,"column":29},"end":{"line":251,"column":9}},"line":248}},"branchMap":{"0":{"loc":{"start":{"line":215,"column":2},"end":{"line":256,"column":3}},"type":"if","locations":[{"start":{"line":215,"column":2},"end":{"line":256,"column":3}},{"start":{"line":227,"column":7},"end":{"line":256,"column":3}}],"line":215},"1":{"loc":{"start":{"line":227,"column":7},"end":{"line":256,"column":3}},"type":"if","locations":[{"start":{"line":227,"column":7},"end":{"line":256,"column":3}},{"start":{"line":244,"column":7},"end":{"line":256,"column":3}}],"line":227},"2":{"loc":{"start":{"line":244,"column":7},"end":{"line":256,"column":3}},"type":"if","locations":[{"start":{"line":244,"column":7},"end":{"line":256,"column":3}},{"start":{},"end":{}}],"line":244}},"s":{"0":0,"1":0,"2":0,"3":0,"4":0,"5":0,"6":0,"7":0,"8":0,"9":0,"10":0,"11":0,"12":0,"13":0,"14":0},"f":{"0":0,"1":0,"2":0},"b":{"0":[0,0],"1":[0,0],"2":[0,0]}}
,"C:\\React Practice\\blinkist-app\\src\\components\\organisms\\Footer\\index.tsx": {"path":"C:\\React Practice\\blinkist-app\\src\\components\\organisms\\Footer\\index.tsx","statementMap":{"0":{"start":{"line":8,"column":17},"end":{"line":90,"column":2}},"1":{"start":{"line":91,"column":15},"end":{"line":132,"column":1}},"2":{"start":{"line":92,"column":18},"end":{"line":92,"column":28}},"3":{"start":{"line":93,"column":2},"end":{"line":131,"column":4}}},"fnMap":{"0":{"name":"(anonymous_0)","decl":{"start":{"line":91,"column":15},"end":{"line":91,"column":16}},"loc":{"start":{"line":91,"column":39},"end":{"line":132,"column":1}},"line":91}},"branchMap":{},"s":{"0":1,"1":1,"2":1,"3":1},"f":{"0":1},"b":{},"_coverageSchema":"1a1c01bbd47fc00a2c39e90264f33305004495a9","hash":"2177b5f0c071d2ef46e1024f77f5fcd3e7dc5f9b"}
,"C:\\React Practice\\blinkist-app\\src\\components\\organisms\\Header\\index.tsx": {"path":"C:\\React Practice\\blinkist-app\\src\\components\\organisms\\Header\\index.tsx","statementMap":{"0":{"start":{"line":12,"column":17},"end":{"line":70,"column":2}},"1":{"start":{"line":71,"column":15},"end":{"line":117,"column":1}},"2":{"start":{"line":72,"column":18},"end":{"line":72,"column":28}},"3":{"start":{"line":73,"column":2},"end":{"line":116,"column":4}}},"fnMap":{"0":{"name":"(anonymous_0)","decl":{"start":{"line":71,"column":15},"end":{"line":71,"column":16}},"loc":{"start":{"line":71,"column":21},"end":{"line":117,"column":1}},"line":71}},"branchMap":{},"s":{"0":1,"1":1,"2":1,"3":1},"f":{"0":1},"b":{},"_coverageSchema":"1a1c01bbd47fc00a2c39e90264f33305004495a9","hash":"4755245f385adb1ae4d818313e877dcd4d6318a0"}
}
