TN:
SF:src\react-app-env.d.ts
FNF:0
FNH:0
LF:0
LH:0
BRF:0
BRH:0
end_of_record
TN:
SF:src\Theme\baseTheme.ts
FNF:0
FNH:0
DA:3,8
LF:1
LH:1
BRF:0
BRH:0
end_of_record
TN:
SF:src\Theme\mainTheme.ts
FNF:0
FNH:0
DA:2,2
LF:1
LH:1
BRF:0
BRH:0
end_of_record
TN:
SF:src\Theme\tabTheme.ts
FNF:0
FNH:0
DA:3,4
LF:1
LH:1
BRF:0
BRH:0
end_of_record
TN:
SF:src\components\Pages\BookInfo\index.tsx
FN:11,(anonymous_0)
FN:27,(anonymous_1)
FN:35,(anonymous_2)
FN:40,(anonymous_3)
FNF:4
FNH:1
FNDA:2,(anonymous_0)
FNDA:0,(anonymous_1)
FNDA:0,(anonymous_2)
FNDA:0,(anonymous_3)
DA:11,2
DA:12,2
DA:26,2
DA:27,2
DA:28,0
DA:30,2
DA:31,2
DA:32,0
DA:34,2
DA:35,2
DA:37,0
DA:38,0
DA:39,0
DA:40,0
DA:41,0
DA:43,0
DA:44,0
DA:46,0
DA:54,2
LF:19
LH:9
BRDA:31,0,0,0
BRDA:31,0,1,2
BRDA:122,1,0,0
BRDA:122,1,1,0
BRDA:156,2,0,0
BRDA:156,2,1,0
BRF:6
BRH:1
end_of_record
TN:
SF:src\components\Pages\Enterpreneurship\index.tsx
FN:9,(anonymous_0)
FN:10,(anonymous_1)
FN:12,(anonymous_2)
FN:16,(anonymous_3)
FN:58,(anonymous_4)
FNF:5
FNH:2
FNDA:1,(anonymous_0)
FNDA:0,(anonymous_1)
FNDA:0,(anonymous_2)
FNDA:0,(anonymous_3)
FNDA:11,(anonymous_4)
DA:7,2
DA:9,2
DA:10,1
DA:12,0
DA:13,0
DA:14,0
DA:15,0
DA:16,0
DA:17,0
DA:19,0
DA:20,0
DA:22,0
DA:31,1
DA:32,1
DA:59,11
DA:60,11
LF:16
LH:7
BRDA:58,0,0,1
BRDA:58,0,1,1
BRF:2
BRH:2
end_of_record
TN:
SF:src\components\Pages\MyLibrary\index.tsx
FN:6,(anonymous_0)
FN:19,(anonymous_1)
FN:23,(anonymous_2)
FN:25,(anonymous_3)
FN:29,(anonymous_4)
FN:68,(anonymous_5)
FN:84,(anonymous_6)
FNF:7
FNH:1
FNDA:2,(anonymous_0)
FNDA:0,(anonymous_1)
FNDA:0,(anonymous_2)
FNDA:0,(anonymous_3)
FNDA:0,(anonymous_4)
FNDA:0,(anonymous_5)
FNDA:0,(anonymous_6)
DA:6,2
DA:7,2
DA:17,2
DA:19,2
DA:20,0
DA:23,2
DA:25,0
DA:26,0
DA:27,0
DA:28,0
DA:29,0
DA:30,0
DA:32,0
DA:33,0
DA:35,0
DA:43,2
DA:69,0
DA:70,0
DA:71,0
DA:85,0
DA:86,0
DA:87,0
LF:22
LH:6
BRDA:67,0,0,2
BRDA:67,0,1,0
BRDA:70,1,0,0
BRDA:70,1,1,0
BRDA:86,2,0,0
BRDA:86,2,1,0
BRF:6
BRH:1
end_of_record
TN:
SF:src\components\Templates\index.tsx
FN:20,(anonymous_0)
FN:23,(anonymous_1)
FN:24,(anonymous_2)
FNF:3
FNH:3
FNDA:1,(anonymous_0)
FNDA:1,(anonymous_1)
FNDA:1,(anonymous_2)
DA:11,1
DA:20,1
DA:21,1
DA:22,1
DA:23,1
DA:24,1
DA:25,1
DA:26,0
DA:27,0
DA:29,1
DA:32,1
LF:11
LH:9
BRDA:32,0,0,1
BRDA:32,0,1,0
BRF:2
BRH:1
end_of_record
TN:
SF:src\components\atoms\Avatar\index.tsx
FN:3,(anonymous_0)
FNF:1
FNH:1
FNDA:2,(anonymous_0)
DA:3,3
DA:4,2
LF:2
LH:2
BRF:0
BRH:0
end_of_record
TN:
SF:src\components\atoms\Icons\index.tsx
FN:7,(anonymous_0)
FNF:1
FNH:1
FNDA:34,(anonymous_0)
DA:7,6
DA:8,34
LF:2
LH:2
BRF:0
BRH:0
end_of_record
TN:
SF:src\components\atoms\Images\index.tsx
FN:10,(anonymous_0)
FNF:1
FNH:1
FNDA:14,(anonymous_0)
DA:10,7
DA:11,14
DA:12,14
LF:3
LH:3
BRDA:11,0,0,13
BRF:1
BRH:1
end_of_record
TN:
SF:src\components\atoms\Logo\index.tsx
FN:5,(anonymous_0)
FNF:1
FNH:1
FNDA:3,(anonymous_0)
DA:5,4
DA:6,3
LF:2
LH:2
BRF:0
BRH:0
end_of_record
TN:
SF:src\components\atoms\ProgressBar\index.tsx
FN:12,(anonymous_0)
FNF:1
FNH:1
FNDA:11,(anonymous_0)
DA:4,5
DA:12,5
DA:13,11
DA:14,11
LF:4
LH:4
BRF:0
BRH:0
end_of_record
TN:
SF:src\components\atoms\Typography\index.tsx
FN:5,(anonymous_0)
FNF:1
FNH:1
FNDA:70,(anonymous_0)
DA:5,8
DA:6,70
LF:2
LH:2
BRF:0
BRH:0
end_of_record
TN:
SF:src\components\molecules\Banner\index.tsx
FN:13,(anonymous_0)
FNF:1
FNH:1
FNDA:2,(anonymous_0)
DA:4,3
DA:13,3
DA:14,2
DA:15,2
LF:4
LH:4
BRF:0
BRH:0
end_of_record
TN:
SF:src\components\molecules\Button\index.tsx
FN:24,(anonymous_0)
FNF:1
FNH:1
FNDA:3,(anonymous_0)
DA:11,4
DA:24,4
DA:25,3
DA:27,3
LF:4
LH:4
BRF:0
BRH:0
end_of_record
TN:
SF:src\components\molecules\SearchBar\index.tsx
FN:13,(anonymous_0)
FNF:1
FNH:1
FNDA:1,(anonymous_0)
DA:5,2
DA:13,2
DA:14,1
DA:15,1
LF:4
LH:4
BRF:0
BRH:0
end_of_record
TN:
SF:src\components\molecules\Tabs\index.tsx
FN:16,(anonymous_0)
FN:20,(anonymous_1)
FN:35,(anonymous_2)
FNF:3
FNH:1
FNDA:2,(anonymous_0)
FNDA:0,(anonymous_1)
FNDA:0,(anonymous_2)
DA:9,4
DA:16,4
DA:17,2
DA:18,2
DA:20,2
DA:21,0
DA:22,0
DA:24,2
DA:36,0
LF:9
LH:6
BRDA:18,0,0,2
BRDA:18,0,1,0
BRF:2
BRH:1
end_of_record
TN:
SF:src\components\organisms\Card\index.tsx
FN:211,(anonymous_0)
FN:219,(anonymous_1)
FN:248,(anonymous_2)
FNF:3
FNH:1
FNDA:12,(anonymous_0)
FNDA:0,(anonymous_1)
FNDA:0,(anonymous_2)
DA:12,4
DA:211,4
DA:212,12
DA:213,12
DA:215,12
DA:216,2
DA:220,0
DA:221,0
DA:227,10
DA:228,9
DA:244,1
DA:245,1
DA:249,0
DA:250,0
DA:257,12
LF:15
LH:11
BRDA:215,0,0,2
BRDA:215,0,1,10
BRDA:227,1,0,9
BRDA:227,1,1,1
BRDA:244,2,0,1
BRDA:244,2,1,0
BRF:6
BRH:5
end_of_record
TN:
SF:src\components\organisms\Footer\index.tsx
FN:91,(anonymous_0)
FNF:1
FNH:1
FNDA:1,(anonymous_0)
DA:8,2
DA:91,2
DA:92,1
DA:93,1
LF:4
LH:4
BRF:0
BRH:0
end_of_record
TN:
SF:src\components\organisms\Header\index.tsx
FN:71,(anonymous_0)
FNF:1
FNH:1
FNDA:1,(anonymous_0)
DA:12,2
DA:71,2
DA:72,1
DA:73,1
LF:4
LH:4
BRF:0
BRH:0
end_of_record
